<?xml version="1.0" encoding="UTF-8"?>
<!-- Generated by org.testng.reporters.JUnitXMLReporter -->
<testsuite hostname="DESKTOP-5MSOQAN" ignored="0" name="Default test" tests="4" failures="0" timestamp="14 Apr 2020 18:26:07 GMT" time="50.34" errors="0">
  <testcase name="validatePageLabel" time="5.748" classname="com.test.module.PersonalLoanPageTest"/>
  <testcase name="validatePageLogo" time="0.001" classname="com.test.module.PersonalLoanPageTest"/>
  <testcase name="validateDropdownItems" time="0.338" classname="com.test.module.PersonalLoanPageTest"/>
  <testcase name="validateAmountRestriction" time="42.148" classname="com.test.module.PersonalLoanPageTest"/>
</testsuite> <!-- Default test -->
