<?xml version="1.0" encoding="UTF-8"?>
<!-- Generated by org.testng.reporters.JUnitXMLReporter -->
<testsuite hostname="DESKTOP-5MSOQAN" ignored="1" name="Test" tests="2" failures="0" timestamp="14 Apr 2020 20:12:41 GMT" time="11.942" errors="0">
  <testcase name="validateTitle" time="3.178" classname="com.test.module.HomePageTest"/>
  <testcase name="signin" time="8.561" classname="com.test.common.SigninSignoffTest"/>
  <testcase name="@AfterTest closeBrowser" time="0.0" classname="com.test.common.TestBase">
    <ignored/>
  </testcase> <!-- @AfterTest closeBrowser -->
</testsuite> <!-- Test -->
