<?xml version="1.0" encoding="UTF-8"?>
<testng-results skipped="0" failed="0" ignored="0" total="2" passed="2">
  <reporter-output>
  </reporter-output>
  <suite name="Suite" duration-ms="20591" started-at="2020-04-14T20:14:33Z" finished-at="2020-04-14T20:14:54Z">
    <groups>
    </groups>
    <test name="Test" duration-ms="20591" started-at="2020-04-14T20:14:33Z" finished-at="2020-04-14T20:14:54Z">
      <class name="com.test.module.HomePageTest">
        <test-method status="PASS" signature="validateTitle()[pri:1, instance:com.test.module.HomePageTest@49d98dc5]" name="validateTitle" duration-ms="9450" started-at="2020-04-14T20:14:33Z" finished-at="2020-04-14T20:14:43Z">
          <reporter-output>
          </reporter-output>
        </test-method> <!-- validateTitle -->
      </class> <!-- com.test.module.HomePageTest -->
      <class name="com.test.common.SigninSignoffTest">
        <test-method status="PASS" signature="signin()[pri:1, instance:com.test.common.SigninSignoffTest@2c30b71f]" name="signin" duration-ms="11118" started-at="2020-04-14T20:14:43Z" finished-at="2020-04-14T20:14:54Z">
          <reporter-output>
          </reporter-output>
        </test-method> <!-- signin -->
      </class> <!-- com.test.common.SigninSignoffTest -->
    </test> <!-- Test -->
  </suite> <!-- Suite -->
</testng-results>
