<?xml version="1.0" encoding="UTF-8"?>
<testng-results skipped="0" failed="0" ignored="1" total="3" passed="2">
  <reporter-output>
  </reporter-output>
  <suite name="Suite" duration-ms="11942" started-at="2020-04-14T20:12:29Z" finished-at="2020-04-14T20:12:41Z">
    <groups>
    </groups>
    <test name="Test" duration-ms="11942" started-at="2020-04-14T20:12:29Z" finished-at="2020-04-14T20:12:41Z">
      <class name="com.test.module.HomePageTest">
        <test-method status="PASS" signature="validateTitle()[pri:1, instance:com.test.module.HomePageTest@470a9030]" name="validateTitle" duration-ms="3178" started-at="2020-04-14T20:12:29Z" finished-at="2020-04-14T20:12:32Z">
          <reporter-output>
          </reporter-output>
        </test-method> <!-- validateTitle -->
        <test-method status="PASS" signature="closeBrowser()[pri:0, instance:com.test.module.HomePageTest@470a9030]" name="closeBrowser" is-config="true" duration-ms="174" started-at="2020-04-14T20:12:41Z" finished-at="2020-04-14T20:12:41Z">
          <reporter-output>
          </reporter-output>
        </test-method> <!-- closeBrowser -->
      </class> <!-- com.test.module.HomePageTest -->
      <class name="com.test.common.SigninSignoffTest">
        <test-method status="PASS" signature="signin()[pri:1, instance:com.test.common.SigninSignoffTest@66d57c1b]" name="signin" duration-ms="8561" started-at="2020-04-14T20:12:32Z" finished-at="2020-04-14T20:12:41Z">
          <reporter-output>
          </reporter-output>
        </test-method> <!-- signin -->
      </class> <!-- com.test.common.SigninSignoffTest -->
    </test> <!-- Test -->
  </suite> <!-- Suite -->
</testng-results>
